OMPL version 1.2.1
Experiment my experiment
0 experiment properties
Running on insightque
Starting at 2017-04-11 17:54:50
<<<|
Properties of the state space 'SE2CompoundSpace3'
  - signature: 6 4 3 1 2 2 1 
  - dimension: 3
  - extent: 73.6818
  - sanity checks for state space passed
  - probability of valid states: 0.457
  - average length of a valid motion: 6.95596
  - average number of samples drawn per second: sampleUniform()=1.91146e+07 sampleUniformNear()=1.54135e+07 sampleGaussian()=5.34462e+06
Settings for the state space 'SE2CompoundSpace3'
  - state validity check resolution: 1%
  - valid segment count factor: 1
  - state space:
Compound state space 'SE2CompoundSpace3' of dimension 3 (locked) [
Real vector state space 'RealVectorSpace4' of dimension 2 with bounds: 
  - min: -20 -20 
  - max: 40 20 
 of weight 1
SO2 state space 'SO2Space5'
 of weight 0.5
]
Registered projections:
  - <default>
Projection of dimension 2
Cell sizes (computed defaults): [3 2]

Declared parameters:
longest_valid_segment_fraction = 0.01
projection.cellsize.0 = 3
projection.cellsize.1 = 2
projection.cellsize_factor = 
valid_segment_count_factor = 1
Valid state sampler named uniform with parameters:
nr_attempts = 100
Start states:
Compound state [
RealVectorState [28 10]
SO2State [-1.5708]
]
Goal state, threshold = 2.22045e-16, memory address = 0x2639e00, state = 
Compound state [
RealVectorState [5 4]
SO2State [1.5708]
]
OptimizationObjective = nullptr
There are 0 solutions

Properties of benchmarked planners:
Planner DORRT specs:
Multithreaded:                 No
Reports approximate solutions: Yes
Can optimize solutions:        No
Aware of the following parameters: goal_bias range
Planner RRT specs:
Multithreaded:                 No
Reports approximate solutions: Yes
Can optimize solutions:        No
Aware of the following parameters: goal_bias range
|>>>
<<<|
Architecture:          x86_64
CPU op-mode(s):        32-bit, 64-bit
Byte Order:            Little Endian
CPU(s):                4
On-line CPU(s) list:   0-3
Thread(s) per core:    1
Core(s) per socket:    4
Socket(s):             1
NUMA node(s):          1
Vendor ID:             GenuineIntel
CPU family:            6
Model:                 42
Stepping:              7
CPU MHz:               3231.035
BogoMIPS:              6584.98
Virtualization:        VT-x
L1d cache:             32K
L1i cache:             32K
L2 cache:              256K
L3 cache:              6144K
NUMA node0 CPU(s):     0-3
|>>>
2562299728 is the random seed
5 seconds per run
100 MB per run
30 runs per planner
46.898 seconds spent to collect the data
1 enum type
status|Unknown status|Invalid start|Invalid goal|Unrecognized goal type|Timeout|Approximate solution|Exact solution|Crash|Unknown status
2 planners
geometric_DORRT
7 common properties
goal_bias = 0.050000000000000003
longest_valid_segment_fraction = 0.01
projection.cellsize.0 = 3
projection.cellsize.1 = 2
projection.cellsize_factor = 
range = 14.736364367214936
valid_segment_count_factor = 1
22 properties for each run
approximate solution BOOLEAN
correct solution BOOLEAN
correct solution strict BOOLEAN
graph motions INTEGER
graph states INTEGER
memory REAL
simplification time REAL
simplified correct solution BOOLEAN
simplified correct solution strict BOOLEAN
simplified solution clearance REAL
simplified solution length REAL
simplified solution segments INTEGER
simplified solution smoothness REAL
solution clearance REAL
solution difference REAL
solution length REAL
solution segments INTEGER
solution smoothness REAL
solved BOOLEAN
status ENUM
time REAL
valid segment fraction REAL
30 runs
0; 1; 1; 366; 367; 19.921875; 0.004023; 1; 1; 0.000000; 81.957552; 4; 0.019167; 0.000000; -1.000000; 82.348306; 8; 0.014354; 1; 6; 0.505480; 0.286385; 
0; 1; 1; 240; 241; 19.921875; 0.002571; 1; 1; 0.000000; 38.485290; 3; 0.009351; 0.000000; -1.000000; 85.213758; 8; 0.058018; 1; 6; 0.258466; 0.413081; 
0; 1; 1; 515; 516; 19.921875; 0.002801; 1; 1; 0.000000; 83.300068; 4; 0.020731; 0.000000; -1.000000; 83.723552; 7; 0.012701; 1; 6; 0.640059; 0.308014; 
0; 1; 1; 194; 195; 20.207031; 0.003040; 1; 1; 0.000000; 40.808801; 3; 0.011163; 0.000000; -1.000000; 73.229359; 6; 0.008807; 1; 6; 0.216273; 0.331058; 
0; 1; 1; 979; 980; 20.207031; 0.001861; 1; 1; 0.000000; 73.520172; 5; 0.036132; 0.000000; -1.000000; 74.043074; 6; 0.034526; 1; 6; 1.197405; 0.300583; 
0; 1; 1; 183; 184; 20.207031; 0.001828; 1; 1; 0.000000; 55.284982; 3; 0.005817; 0.000000; -1.000000; 81.884649; 6; 0.015040; 1; 6; 0.185495; 0.407572; 
0; 1; 1; 677; 678; 20.207031; 0.002236; 1; 1; 0.000000; 91.851825; 4; 0.003373; 0.000000; -1.000000; 91.945255; 7; 0.008997; 1; 6; 0.767514; 0.355567; 
0; 1; 1; 553; 554; 20.207031; 0.003833; 1; 1; 0.000000; 97.712354; 4; 0.008952; 0.000000; -1.000000; 134.041300; 9; 0.092103; 1; 6; 0.692095; 0.310674; 
0; 1; 1; 1455; 1456; 20.207031; 0.006543; 1; 1; 0.000000; 106.521835; 4; 0.015910; 0.000000; -1.000000; 133.533394; 8; 0.087161; 1; 6; 1.948414; 0.283736; 
0; 1; 1; 775; 776; 20.277344; 0.003352; 1; 1; 0.000000; 93.657332; 4; 0.021734; 0.000000; -1.000000; 107.218285; 8; 0.102692; 1; 6; 0.998518; 0.304758; 
0; 1; 1; 542; 543; 20.277344; 0.002880; 1; 1; 0.000000; 79.405062; 5; 0.008886; 0.000000; -1.000000; 137.000638; 10; 0.101846; 1; 6; 0.625615; 0.352406; 
0; 1; 1; 2329; 2330; 20.277344; 0.002428; 1; 1; 0.000000; 41.380101; 3; 0.009868; 0.000000; -1.000000; 66.233159; 6; 0.006057; 1; 6; 3.410551; 0.261216; 
0; 1; 1; 800; 801; 20.542969; 0.004279; 1; 1; 0.000000; 59.026468; 3; 0.007663; 0.000000; -1.000000; 137.981024; 11; 0.006795; 1; 6; 1.054027; 0.282985; 
0; 1; 1; 1339; 1340; 20.542969; 0.003774; 1; 1; 0.000000; 38.241621; 3; 0.012462; 0.000000; -1.000000; 77.413153; 7; 0.018993; 1; 6; 1.852509; 0.273936; 
0; 1; 1; 172; 173; 20.542969; 0.003884; 1; 1; 0.000000; 100.844862; 4; 0.017769; 0.000000; -1.000000; 101.705528; 8; 0.014981; 1; 6; 0.195495; 0.383073; 
0; 1; 1; 278; 279; 20.542969; 0.001919; 1; 1; 0.000000; 42.659926; 3; 0.015472; 0.000000; -1.000000; 42.765785; 4; 0.016575; 1; 6; 0.317371; 0.363399; 
0; 1; 1; 1467; 1468; 20.542969; 0.006394; 1; 1; 0.000000; 98.269465; 4; 0.008729; 0.000000; -1.000000; 124.031561; 11; 0.017326; 1; 6; 1.865508; 0.294519; 
0; 1; 1; 2002; 2003; 20.542969; 0.004045; 1; 1; 0.000000; 50.677415; 5; 0.065910; 0.000000; -1.000000; 95.797093; 11; 0.434101; 1; 6; 2.835509; 0.263144; 
0; 1; 1; 370; 371; 20.542969; 0.005068; 1; 1; 0.000000; 110.855828; 4; 0.009540; 0.000000; -1.000000; 152.386822; 11; 0.111099; 1; 6; 0.419779; 0.361681; 
0; 1; 1; 69; 70; 20.542969; 0.002124; 1; 1; 0.000000; 60.893615; 3; 0.007791; 0.000000; -1.000000; 61.182060; 5; 0.000406; 1; 6; 0.078892; 0.370968; 
0; 1; 1; 251; 252; 20.542969; 0.002699; 1; 1; 0.000000; 39.317640; 3; 0.018405; 0.000000; -1.000000; 64.923575; 6; 0.021304; 1; 6; 0.296823; 0.332450; 
0; 1; 1; 575; 576; 20.542969; 0.003213; 1; 1; 0.000000; 93.791164; 5; 0.005228; 0.000000; -1.000000; 125.777003; 9; 0.012347; 1; 6; 0.740214; 0.303270; 
0; 1; 1; 14; 15; 20.542969; 0.001836; 1; 1; 0.000000; 38.005690; 3; 0.007274; 0.000000; -1.000000; 38.267665; 4; 0.012914; 1; 6; 0.019099; 0.378378; 
0; 1; 1; 30; 31; 20.542969; 0.001589; 1; 1; 0.000000; 56.950480; 3; 0.005714; 0.000000; -1.000000; 57.872202; 4; 0.000970; 1; 6; 0.034812; 0.545455; 
0; 1; 1; 141; 142; 20.542969; 0.001917; 1; 1; 0.000000; 57.228855; 3; 0.006999; 0.000000; -1.000000; 57.870335; 4; 0.000684; 1; 6; 0.172195; 0.374005; 
0; 1; 1; 564; 565; 20.542969; 0.002577; 1; 1; 0.000000; 62.805588; 4; 0.008815; 0.000000; -1.000000; 62.871211; 6; 0.002079; 1; 6; 0.645161; 0.356962; 
0; 1; 1; 544; 545; 20.542969; 0.002655; 1; 1; 0.000000; 38.981707; 3; 0.009557; 0.000000; -1.000000; 73.643062; 6; 0.065605; 1; 6; 0.617308; 0.363880; 
0; 1; 1; 124; 125; 20.542969; 0.004135; 1; 1; 0.000000; 82.735998; 4; 0.013193; 0.000000; -1.000000; 82.751081; 7; 0.010314; 1; 6; 0.142781; 0.389937; 
0; 1; 1; 532; 533; 20.542969; 0.004077; 1; 1; 0.000000; 99.683129; 5; 0.016721; 0.000000; -1.000000; 156.574801; 11; 0.051297; 1; 6; 0.577277; 0.386628; 
0; 1; 1; 1135; 1136; 20.542969; 0.005911; 1; 1; 0.000000; 95.375402; 4; 0.014200; 0.000000; -1.000000; 159.375917; 13; 0.080955; 1; 6; 1.410564; 0.300265; 
.
geometric_RRT
7 common properties
goal_bias = 0.050000000000000003
longest_valid_segment_fraction = 0.01
projection.cellsize.0 = 3
projection.cellsize.1 = 2
projection.cellsize_factor = 
range = 14.736364367214936
valid_segment_count_factor = 1
22 properties for each run
approximate solution BOOLEAN
correct solution BOOLEAN
correct solution strict BOOLEAN
graph motions INTEGER
graph states INTEGER
memory REAL
simplification time REAL
simplified correct solution BOOLEAN
simplified correct solution strict BOOLEAN
simplified solution clearance REAL
simplified solution length REAL
simplified solution segments INTEGER
simplified solution smoothness REAL
solution clearance REAL
solution difference REAL
solution length REAL
solution segments INTEGER
solution smoothness REAL
solved BOOLEAN
status ENUM
time REAL
valid segment fraction REAL
30 runs
0; 1; 1; 2537; 2538; 20.542969; 0.004619; 1; 1; 0.000000; 127.507973; 5; 0.005490; 0.000000; -1.000000; 178.992975; 13; 0.081241; 1; 6; 1.709079; 0.622119; 
0; 1; 1; 1256; 1257; 21.113281; 0.001608; 1; 1; 0.000000; 64.823703; 4; 0.021897; 0.000000; -1.000000; 64.979382; 5; 0.009226; 1; 6; 0.847392; 0.603846; 
0; 1; 1; 78; 79; 21.027344; 0.001867; 1; 1; 0.000000; 39.872430; 3; 0.013281; 0.000000; -1.000000; 73.583120; 6; 0.141869; 1; 6; 0.059323; 0.523490; 
0; 1; 1; 1280; 1281; 21.027344; 0.004685; 1; 1; 0.000000; 130.016869; 5; 0.008546; 0.000000; -1.000000; 130.760552; 10; 0.007689; 1; 6; 0.842292; 0.621963; 
0; 1; 1; 2073; 2074; 21.027344; 0.003755; 1; 1; 0.000000; 121.173491; 6; 0.025005; 0.000000; -1.000000; 147.644512; 11; 0.016498; 1; 6; 1.385259; 0.611685; 
0; 1; 1; 832; 833; 21.027344; 0.002173; 1; 1; 0.000000; 54.509477; 3; 0.007047; 0.000000; -1.000000; 77.855858; 6; 0.000014; 1; 6; 0.552353; 0.609078; 
0; 1; 1; 154; 155; 21.027344; 0.001700; 1; 1; 0.000000; 57.941206; 3; 0.006619; 0.000000; -1.000000; 82.904428; 6; 0.014166; 1; 6; 0.103835; 0.542254; 
0; 1; 1; 1292; 1293; 21.027344; 0.003391; 1; 1; 0.000000; 103.446058; 5; 0.017912; 0.000000; -1.000000; 103.527265; 8; 0.015221; 1; 6; 0.815151; 0.651538; 
0; 1; 1; 655; 656; 21.027344; 0.002908; 1; 1; 0.000000; 93.915816; 6; 0.010565; 0.000000; -1.000000; 99.479673; 9; 0.241147; 1; 6; 0.427505; 0.589559; 
0; 1; 1; 2539; 2540; 21.027344; 0.006254; 1; 1; 0.000000; 97.229107; 5; 0.009327; 0.000000; -1.000000; 127.308527; 9; 0.011005; 1; 6; 1.689644; 0.619268; 
0; 1; 1; 1233; 1234; 21.281250; 0.003895; 1; 1; 0.000000; 104.944622; 4; 0.010529; 0.000000; -1.000000; 124.574853; 9; 0.069562; 1; 6; 0.819298; 0.597094; 
0; 1; 1; 2023; 2024; 21.281250; 0.003720; 1; 1; 0.000000; 86.735616; 5; 0.004814; 0.000000; -1.000000; 147.187931; 12; 0.108628; 1; 6; 1.307719; 0.661760; 
0; 1; 1; 454; 455; 21.281250; 0.002713; 1; 1; 0.000000; 88.279791; 5; 0.008084; 0.000000; -1.000000; 112.063153; 9; 0.079347; 1; 6; 0.314373; 0.542413; 
0; 1; 1; 195; 196; 21.281250; 0.002321; 1; 1; 0.000000; 96.498671; 5; 0.004670; 0.000000; -1.000000; 126.263526; 9; 0.009739; 1; 6; 0.133474; 0.565217; 
0; 1; 1; 700; 701; 21.281250; 0.001825; 1; 1; 0.000000; 66.155958; 4; 0.022296; 0.000000; -1.000000; 67.109549; 6; 0.138745; 1; 6; 0.480513; 0.544747; 
0; 1; 1; 247; 248; 21.281250; 0.002358; 1; 1; 0.000000; 38.451255; 3; 0.009865; 0.000000; -1.000000; 95.845498; 7; 0.007083; 1; 6; 0.155586; 0.625316; 
0; 1; 1; 1804; 1805; 21.281250; 0.003806; 1; 1; 0.000000; 95.273850; 4; 0.004074; 0.000000; -1.000000; 156.874177; 11; 0.008464; 1; 6; 1.177729; 0.629888; 
0; 1; 1; 812; 813; 21.281250; 0.003827; 1; 1; 0.000000; 95.054702; 4; 0.003840; 0.000000; -1.000000; 127.928378; 9; 0.013142; 1; 6; 0.503823; 0.644444; 
0; 1; 1; 430; 431; 21.281250; 0.002473; 1; 1; 0.000000; 50.799300; 3; 0.004936; 0.000000; -1.000000; 74.572232; 6; 0.000040; 1; 6; 0.262484; 0.627737; 
0; 1; 1; 197; 198; 21.281250; 0.003392; 1; 1; 0.000000; 82.321160; 4; 0.005110; 0.000000; -1.000000; 111.226290; 8; 0.000203; 1; 6; 0.131295; 0.595166; 
0; 1; 1; 1625; 1626; 21.281250; 0.002714; 1; 1; 0.000000; 55.241760; 3; 0.006329; 0.000000; -1.000000; 65.278187; 7; 0.305243; 1; 6; 1.024389; 0.642292; 
0; 1; 1; 1201; 1202; 21.281250; 0.004023; 1; 1; 0.000000; 97.911123; 4; 0.002957; 0.000000; -1.000000; 123.704976; 9; 0.011610; 1; 6; 0.749211; 0.650949; 
0; 1; 1; 327; 328; 21.281250; 0.002242; 1; 1; 0.000000; 86.487442; 5; 0.002206; 0.000000; -1.000000; 111.298215; 8; 0.006081; 1; 6; 0.225468; 0.618147; 
0; 1; 1; 883; 884; 21.281250; 0.003429; 1; 1; 0.000000; 95.053656; 5; 0.007108; 0.000000; -1.000000; 163.442965; 13; 0.014564; 1; 6; 0.555609; 0.655045; 
0; 1; 1; 513; 514; 21.281250; 0.001946; 1; 1; 0.000000; 108.961758; 6; 0.017466; 0.000000; -1.000000; 109.587510; 8; 0.012540; 1; 6; 0.315223; 0.630996; 
0; 1; 1; 236; 237; 21.281250; 0.003593; 1; 1; 0.000000; 100.726116; 4; 0.013775; 0.000000; -1.000000; 137.612062; 10; 0.033540; 1; 6; 0.151477; 0.643052; 
0; 1; 1; 4096; 4097; 21.281250; 0.003465; 1; 1; 0.000000; 114.778212; 6; 0.036110; 0.000000; -1.000000; 115.709420; 9; 0.084882; 1; 6; 2.827852; 0.632099; 
0; 1; 1; 1927; 1928; 21.222656; 0.005939; 1; 1; 0.000000; 133.530750; 6; 0.010567; 0.000000; -1.000000; 220.430783; 17; 0.065174; 1; 6; 1.257154; 0.619017; 
0; 1; 1; 426; 427; 21.222656; 0.001355; 1; 1; 0.000000; 66.286735; 4; 0.016538; 0.000000; -1.000000; 66.304760; 5; 0.008198; 1; 6; 0.269962; 0.632987; 
0; 1; 1; 169; 170; 21.222656; 0.004773; 1; 1; 0.000000; 105.302772; 4; 0.008423; 0.000000; -1.000000; 122.620614; 9; 0.010010; 1; 6; 0.116504; 0.599291; 
.
